<?xml version="1.0" encoding="UTF-8"?>
<!-- Generated by org.testng.reporters.JUnitReportReporter -->
<testsuite skipped="0" hostname="DESKTOP-P78A6RN" name="package1.class2" tests="1" failures="0" timestamp="26 Aug 2021 04:31:04 GMT" time="22.767" errors="0">
  <testcase name="testng" time="22.767" classname="package1.class2"/>
</testsuite> <!-- package1.class2 -->
