<?xml version="1.0" encoding="UTF-8"?>
<!-- Generated by org.testng.reporters.JUnitReportReporter -->
<testsuite skipped="0" hostname="DESKTOP-P78A6RN" name="package1.class2" tests="1" failures="0" timestamp="26 Aug 2021 16:42:53 GMT" time="19.527" errors="0">
  <testcase name="testng" time="19.527" classname="package1.class2"/>
</testsuite> <!-- package1.class2 -->
